{
  "stats": {
    "suites": 1,
    "tests": 10,
    "passes": 9,
    "pending": 0,
    "failures": 1,
    "start": "2020-08-11T04:12:18.141Z",
    "end": "2020-08-11T04:15:35.599Z",
    "duration": 197458,
    "testsRegistered": 10,
    "passPercent": 90,
    "pendingPercent": 0,
    "other": 0,
    "hasOther": false,
    "skipped": 0,
    "hasSkipped": false
  },
  "results": [
    {
      "uuid": "12bf6fdd-fb0f-4b7b-a450-3373f41b14f9",
      "title": "",
      "fullFile": "cypress\\integration\\TestSuites\\Supplier.js",
      "file": "cypress\\integration\\TestSuites\\Supplier.js",
      "beforeHooks": [],
      "afterHooks": [],
      "tests": [],
      "suites": [
        {
          "uuid": "275c2c31-ed7f-4714-88ae-7504216aabbe",
          "title": "Suppliers Management",
          "fullFile": "",
          "file": "",
          "beforeHooks": [],
          "afterHooks": [],
          "tests": [
            {
              "title": "2943_Create Supplier",
              "fullTitle": "Suppliers Management 2943_Create Supplier",
              "timedOut": null,
              "duration": 54511,
              "state": "passed",
              "speed": "slow",
              "pass": true,
              "fail": false,
              "pending": false,
              "context": null,
              "code": "el_supplier.click_on_create_button();\nel_supplier.set_value_on_code(rdCode);\nel_supplier.set_value_on_name(rdString);\nel_supplier.set_value_on_web(rdString + \".com\");\nel_supplier.set_value_on_mst(rdNumber);\nel_supplier.set_value_on_account_number(rdNumber);\nel_supplier.select_value_on_currency(\"sasasaas\");\nel_supplier.set_value_on_pay_method(rdString);\nel_supplier.set_value_on_pay_term(rdString);\nel_supplier.select_value_on_country(\"Việt nam\");\nel_supplier.select_value_on_city(\"Cần thơ\");\nel_supplier.select_value_on_state(\"Vĩnh thạnh\");\nel_supplier.set_value_on_address(rdString25);\nel_supplier.set_value_on_contact_name(rdString);\nel_supplier.set_value_on_phone(rdNumber);\nel_supplier.set_value_on_email(rdString + \"@gmail.com\");\nel_supplier.click_on_tab_create_item();\ncy.wait(1000);\nel_supplier.click_on_addNewItem_button();\nel_supplier.select_value_on_item(\"SP002\");\nel_supplier.set_value_on_lastReceiptCost(\"150000\");\nel_supplier.set_value_on_minOrder(\"1\");\nel_supplier.cancel_editItem_supplier();\nel_supplier.click_on_saveCreate_button();\ncy.wait(1000);\nel_supplier.verify_supplier_has_been_added_on_data_grid(rdCode, rdString, \"1\", rdString, rdNumber, \"Đang hoạt động\");",
              "err": {},
              "uuid": "a27744e2-dc1b-47be-b948-1ed7587dd396",
              "parentUUID": "275c2c31-ed7f-4714-88ae-7504216aabbe",
              "isHook": false,
              "skipped": false
            },
            {
              "title": "2952_View Detail Supplier",
              "fullTitle": "Suppliers Management 2952_View Detail Supplier",
              "timedOut": null,
              "duration": 7657,
              "state": "passed",
              "speed": "slow",
              "pass": true,
              "fail": false,
              "pending": false,
              "context": null,
              "code": "el_supplier.click_on_viewDetail_supplier(rdCode);\ncy.wait(3000);",
              "err": {},
              "uuid": "ca4bf0a2-d59b-4d8e-b184-23e0972d8bdd",
              "parentUUID": "275c2c31-ed7f-4714-88ae-7504216aabbe",
              "isHook": false,
              "skipped": false
            },
            {
              "title": "2945_Edit Supplier",
              "fullTitle": "Suppliers Management 2945_Edit Supplier",
              "timedOut": null,
              "duration": 22569,
              "state": "passed",
              "speed": "slow",
              "pass": true,
              "fail": false,
              "pending": false,
              "context": null,
              "code": "el_supplier.click_on_viewDetail_supplier(rdCode);\ncy.get(\"#btnEditSupplier\").click();\nel_supplier.set_value_on_name(rdEditedString);\nel_supplier.set_value_on_web(rdEditedString);\nel_supplier.set_value_on_mst(rdEditedNumber);\nel_supplier.set_value_on_account_number(rdEditedNumber);\nel_supplier.select_value_on_currency(\"sasasaas\");\nel_supplier.set_value_on_pay_method(rdEditedString);\nel_supplier.set_value_on_pay_term(rdEditedString);\nel_supplier.select_value_on_country(\"Việt nam\");\nel_supplier.select_value_on_city(\"Cần thơ\");\nel_supplier.select_value_on_state(\"Vĩnh thạnh\");\nel_supplier.set_value_on_address(rdEditedString25);\nel_supplier.set_value_on_contact_name(rdEditedString);\nel_supplier.set_value_on_phone(rdEditedNumber);\nel_supplier.set_value_on_email(rdEditedString);\nel_supplier.click_on_tab_update_item();\ncy.wait(1000);\nel_supplier.click_on_addNewItem_button();\nel_supplier.select_value_on_item(\"SP001\");\nel_supplier.set_value_on_lastReceiptCost(\"110000\");\nel_supplier.set_value_on_minOrder(\"0\");\nel_supplier.cancel_editItem_supplier();\ncy.wait(1000);\nel_supplier.click_on_saveEdit_button();\ncy.wait(1000);\nel_supplier.verify_supplier_has_been_updated_on_data_grid(rdCode, rdString + rdEditedString, \"2\", rdString + rdEditedString, rdNumber + rdEditedNumber, \"Đang hoạt động\");",
              "err": {},
              "uuid": "7d08b4b5-83e4-4819-8374-b1e71b5cde4d",
              "parentUUID": "275c2c31-ed7f-4714-88ae-7504216aabbe",
              "isHook": false,
              "skipped": false
            },
            {
              "title": "4723_Show List Item Of Supplier",
              "fullTitle": "Suppliers Management 4723_Show List Item Of Supplier",
              "timedOut": null,
              "duration": 9491,
              "state": "passed",
              "speed": "slow",
              "pass": true,
              "fail": false,
              "pending": false,
              "context": null,
              "code": "el_supplier.click_contextMenu_popupListItem_supplier(rdCode);\ncy.wait(3000);",
              "err": {},
              "uuid": "70199bed-1b54-4d9b-b67c-6c6b4af8a9f1",
              "parentUUID": "275c2c31-ed7f-4714-88ae-7504216aabbe",
              "isHook": false,
              "skipped": false
            },
            {
              "title": "4811_Add new item to List Item Of Supplier",
              "fullTitle": "Suppliers Management 4811_Add new item to List Item Of Supplier",
              "timedOut": null,
              "duration": 9280,
              "state": "passed",
              "speed": "slow",
              "pass": true,
              "fail": false,
              "pending": false,
              "context": null,
              "code": "el_supplier.click_contextMenu_popupAddItem_supplier(rdCode);\ncy.wait(1000);\nel_supplier.click_on_addNewItem_forPopup_button();\nel_supplier.select_value_on_item(\"SP00332\");\nel_supplier.set_value_on_lastReceiptCost(\"9999\");\nel_supplier.set_value_on_minOrder(\"0\");\nel_supplier.complete_addItem_supplier();\nel_supplier.save_addItem_supplier_popup();",
              "err": {},
              "uuid": "5dca681c-3588-4089-9049-b076988e885b",
              "parentUUID": "275c2c31-ed7f-4714-88ae-7504216aabbe",
              "isHook": false,
              "skipped": false
            },
            {
              "title": "2946_Delete Suppliers",
              "fullTitle": "Suppliers Management 2946_Delete Suppliers",
              "timedOut": null,
              "duration": 10808,
              "state": "failed",
              "speed": null,
              "pass": false,
              "fail": true,
              "pending": false,
              "context": null,
              "code": "el_supplier.check_row_in_grid_with_code_value(rdCode);\nel_supplier.click_show_delete_Popup();\ncy.wait(1000);\nel_supplier.click_on_delete_button();\ncy.wait(1000);\nel_supplier.verify_supplier_has_been_deleted_on_data_grid(rdCode, rdString + rdEditedString, \"2\", rdString + rdEditedString, rdNumber + rdEditedNumber, \"Ngừng hoạt động\");",
              "err": {
                "message": "AssertionError: expected '5109007910' to not equal '5109007910'",
                "estack": "AssertionError: expected '5109007910' to not equal '5109007910'\n    at Context.eval (http://trieu.s2retail.online/__cypress/tests?p=cypress\\integration\\TestSuites\\Supplier.js:1035:37)",
                "diff": ""
              },
              "uuid": "4ff9d00d-91df-495d-b8c0-b138c5ddf751",
              "parentUUID": "275c2c31-ed7f-4714-88ae-7504216aabbe",
              "isHook": false,
              "skipped": false
            },
            {
              "title": "xxxx_Change Status Supplier",
              "fullTitle": "Suppliers Management xxxx_Change Status Supplier",
              "timedOut": null,
              "duration": 11364,
              "state": "passed",
              "speed": "slow",
              "pass": true,
              "fail": false,
              "pending": false,
              "context": null,
              "code": "el_supplier.check_row_in_grid_with_code_value(rdCode);\nel_supplier.click_showMenu_changeStatus_supplier();\ncy.wait(1000);\nel_supplier.click_changeStatus_supplier(\"Ngừng hoạt động\");\ncy.wait(1000);\nel_supplier.verify_status_supplier_after_change(rdCode, \"Ngừng hoạt động\");",
              "err": {},
              "uuid": "9467bb1a-3039-456e-bf68-6eac7cea3de6",
              "parentUUID": "275c2c31-ed7f-4714-88ae-7504216aabbe",
              "isHook": false,
              "skipped": false
            },
            {
              "title": "2945_Edit Supplier (With Context Menu)",
              "fullTitle": "Suppliers Management 2945_Edit Supplier (With Context Menu)",
              "timedOut": null,
              "duration": 45402,
              "state": "passed",
              "speed": "slow",
              "pass": true,
              "fail": false,
              "pending": false,
              "context": null,
              "code": "el_supplier.click_contextMenu_edit_supplier(rdCode);\nel_supplier.set_value_on_name(rdEditedString);\nel_supplier.set_value_on_web(rdEditedString);\nel_supplier.set_value_on_mst(rdEditedNumber);\nel_supplier.set_value_on_account_number(rdEditedNumber);\nel_supplier.select_value_on_currency(\"sasasaas\");\nel_supplier.set_value_on_pay_method(rdEditedString);\nel_supplier.set_value_on_pay_term(rdEditedString);\nel_supplier.select_value_on_country(\"Việt nam\");\nel_supplier.select_value_on_city(\"Cần thơ\");\nel_supplier.select_value_on_state(\"Vĩnh thạnh\");\nel_supplier.set_value_on_address(rdEditedString25);\nel_supplier.set_value_on_contact_name(rdEditedString);\nel_supplier.set_value_on_phone(rdEditedNumber);\nel_supplier.set_value_on_email(rdEditedString);\ncy.wait(1000);\nel_supplier.click_on_tab_update_item();\ncy.wait(1000);\nel_supplier.click_remove_all_item();\ncy.wait(1000);\nel_supplier.click_on_saveEdit_button();\ncy.wait(1000);\nel_supplier.verify_supplier_has_been_updated_on_data_grid(rdCode, rdString + rdEditedString + rdEditedString, \"0\", rdString + rdEditedString + rdEditedString, rdNumber + rdEditedNumber + rdEditedNumber, \"Ngừng hoạt động\");",
              "err": {},
              "uuid": "4da07223-21f1-4932-b51d-12af54db20c0",
              "parentUUID": "275c2c31-ed7f-4714-88ae-7504216aabbe",
              "isHook": false,
              "skipped": false
            },
            {
              "title": "2952_View Detail Supplier (With Context Menu)",
              "fullTitle": "Suppliers Management 2952_View Detail Supplier (With Context Menu)",
              "timedOut": null,
              "duration": 10660,
              "state": "passed",
              "speed": "slow",
              "pass": true,
              "fail": false,
              "pending": false,
              "context": null,
              "code": "el_supplier.click_contextMenu_viewDetail_supplier(rdCode);\ncy.wait(3000);",
              "err": {},
              "uuid": "7adc571d-844e-4d9d-8c7f-f8dc077166fd",
              "parentUUID": "275c2c31-ed7f-4714-88ae-7504216aabbe",
              "isHook": false,
              "skipped": false
            },
            {
              "title": "2946_Delete Suppliers (With Context Menu)",
              "fullTitle": "Suppliers Management 2946_Delete Suppliers (With Context Menu)",
              "timedOut": null,
              "duration": 9805,
              "state": "passed",
              "speed": "slow",
              "pass": true,
              "fail": false,
              "pending": false,
              "context": null,
              "code": "el_supplier.click_contextMenu_delete_supplier(rdCode);\nel_supplier.click_on_delete_button();\ncy.wait(1000);\nel_supplier.verify_supplier_has_been_deleted_on_data_grid(rdCode, rdString + rdEditedString + rdEditedString, \"0\", rdString + rdEditedString + rdEditedString, rdNumber + rdEditedNumber + rdEditedNumber, \"Ngừng hoạt động\");",
              "err": {},
              "uuid": "98057a91-fd6e-4f81-9d15-962c6d417f2b",
              "parentUUID": "275c2c31-ed7f-4714-88ae-7504216aabbe",
              "isHook": false,
              "skipped": false
            }
          ],
          "suites": [],
          "passes": [
            "a27744e2-dc1b-47be-b948-1ed7587dd396",
            "ca4bf0a2-d59b-4d8e-b184-23e0972d8bdd",
            "7d08b4b5-83e4-4819-8374-b1e71b5cde4d",
            "70199bed-1b54-4d9b-b67c-6c6b4af8a9f1",
            "5dca681c-3588-4089-9049-b076988e885b",
            "9467bb1a-3039-456e-bf68-6eac7cea3de6",
            "4da07223-21f1-4932-b51d-12af54db20c0",
            "7adc571d-844e-4d9d-8c7f-f8dc077166fd",
            "98057a91-fd6e-4f81-9d15-962c6d417f2b"
          ],
          "failures": [
            "4ff9d00d-91df-495d-b8c0-b138c5ddf751"
          ],
          "pending": [],
          "skipped": [],
          "duration": 191547,
          "root": false,
          "rootEmpty": false,
          "_timeout": 2000
        }
      ],
      "passes": [],
      "failures": [],
      "pending": [],
      "skipped": [],
      "duration": 0,
      "root": true,
      "rootEmpty": true,
      "_timeout": 2000
    }
  ],
  "meta": {
    "mocha": {
      "version": "7.0.1"
    },
    "mochawesome": {
      "options": {
        "quiet": false,
        "reportFilename": "mochawesome",
        "saveHtml": true,
        "saveJson": true,
        "consoleReporter": "spec",
        "useInlineDiffs": false,
        "code": true
      },
      "version": "6.1.1"
    },
    "marge": {
      "options": {
        "reportDir": "mochawesome-report",
        "quite": true,
        "overwrite": true,
        "html": true,
        "json": true
      },
      "version": "5.1.0"
    }
  }
}