{
  "stats": {
    "suites": 1,
    "tests": 8,
    "passes": 8,
    "pending": 0,
    "failures": 0,
    "start": "2020-08-10T09:39:59.890Z",
    "end": "2020-08-10T09:42:05.638Z",
    "duration": 125748,
    "testsRegistered": 8,
    "passPercent": 100,
    "pendingPercent": 0,
    "other": 0,
    "hasOther": false,
    "skipped": 0,
    "hasSkipped": false
  },
  "results": [
    {
      "uuid": "497485ec-a1ef-452d-9227-b8dab9fbc275",
      "title": "",
      "fullFile": "cypress\\integration\\TestSuites\\Supplier.js",
      "file": "cypress\\integration\\TestSuites\\Supplier.js",
      "beforeHooks": [],
      "afterHooks": [],
      "tests": [],
      "suites": [
        {
          "uuid": "85390f7a-c6bc-40ea-90ed-7b401be3766c",
          "title": "Suppliers Management",
          "fullFile": "",
          "file": "",
          "beforeHooks": [],
          "afterHooks": [],
          "tests": [
            {
              "title": "2943_Create Supplier",
              "fullTitle": "Suppliers Management 2943_Create Supplier",
              "timedOut": null,
              "duration": 36878,
              "state": "passed",
              "speed": "slow",
              "pass": true,
              "fail": false,
              "pending": false,
              "context": null,
              "code": "el_supplier.click_on_create_button();\nel_supplier.set_value_on_code(\"NCC\" + rdCode);\nel_supplier.set_value_on_name(rdString);\nel_supplier.set_value_on_web(rdString + \".com\");\nel_supplier.set_value_on_mst(rdNumber);\nel_supplier.set_value_on_account_number(rdNumber);\nel_supplier.select_value_on_currency(\"sasasaas\");\nel_supplier.set_value_on_pay_method(rdString);\nel_supplier.set_value_on_pay_term(rdString);\nel_supplier.select_value_on_country(\"Việt nam\");\nel_supplier.select_value_on_city(\"Cần thơ\");\nel_supplier.select_value_on_state(\"Vĩnh thạnh\");\nel_supplier.set_value_on_address(rdString25);\nel_supplier.set_value_on_contact_name(rdString);\nel_supplier.set_value_on_phone(rdNumber);\nel_supplier.set_value_on_email(rdString + \"@gmail.com\");\nel_supplier.click_on_tab_create_item();\ncy.wait(1000);\nel_supplier.click_on_addNewItem_button();\nel_supplier.select_value_on_item(\"SP002\");\nel_supplier.set_value_on_lastReceiptCost(\"150000\");\nel_supplier.set_value_on_minOrder(\"1\");\nel_supplier.cancel_editItem_supplier();\nel_supplier.click_on_saveCreate_button();\ncy.wait(1000);\nel_supplier.verify_supplier_has_been_added_on_data_grid(\"NCC\" + rdCode, rdString, \"1\", rdString, rdNumber, \"Đang hoạt động\");",
              "err": {},
              "uuid": "da94b03c-b8bc-4313-b551-e1b1c3cfd6ac",
              "parentUUID": "85390f7a-c6bc-40ea-90ed-7b401be3766c",
              "isHook": false,
              "skipped": false
            },
            {
              "title": "2952_View Detail Supplier",
              "fullTitle": "Suppliers Management 2952_View Detail Supplier",
              "timedOut": null,
              "duration": 8259,
              "state": "passed",
              "speed": "slow",
              "pass": true,
              "fail": false,
              "pending": false,
              "context": null,
              "code": "el_supplier.click_on_edit_supplier(\"NCC\" + rdCode);\ncy.wait(3000);",
              "err": {},
              "uuid": "acbefe3f-cb98-4aaf-b3b4-4971d8404e8e",
              "parentUUID": "85390f7a-c6bc-40ea-90ed-7b401be3766c",
              "isHook": false,
              "skipped": false
            },
            {
              "title": "2945_Edit Supplier",
              "fullTitle": "Suppliers Management 2945_Edit Supplier",
              "timedOut": null,
              "duration": 18207,
              "state": "passed",
              "speed": "slow",
              "pass": true,
              "fail": false,
              "pending": false,
              "context": null,
              "code": "el_supplier.click_on_edit_supplier(\"NCC\" + rdCode);\ncy.get(\"#btnEditSupplier\").click();\nel_supplier.set_value_on_name(rdEditedString);\nel_supplier.set_value_on_web(rdEditedString);\nel_supplier.set_value_on_mst(rdEditedNumber);\nel_supplier.set_value_on_account_number(rdEditedNumber);\nel_supplier.select_value_on_currency(\"sasasaas\");\nel_supplier.set_value_on_pay_method(rdEditedString);\nel_supplier.set_value_on_pay_term(rdEditedString);\nel_supplier.select_value_on_country(\"Việt nam\");\nel_supplier.select_value_on_city(\"Cần thơ\");\nel_supplier.select_value_on_state(\"Vĩnh thạnh\");\nel_supplier.set_value_on_address(rdEditedString25);\nel_supplier.set_value_on_contact_name(rdEditedString);\nel_supplier.set_value_on_phone(rdEditedNumber);\nel_supplier.set_value_on_email(rdEditedString);\nel_supplier.click_on_tab_update_item();\ncy.wait(1000);\ncy.get('a[class=\"k-button k-button-icontext k-grid-delete s2-k-danger\"]').each(function (e) {\n  e[0].click();\n}).then(function () {\n  cy.wait(1000);\n  el_supplier.click_on_saveEdit_button();\n});\ncy.wait(1000);\nel_supplier.verify_supplier_has_been_updated_on_data_grid(\"NCC\" + rdCode, rdString + rdEditedString, \"0\", rdString + rdEditedString, rdNumber + rdEditedNumber, \"Đang hoạt động\");",
              "err": {},
              "uuid": "a4dda737-e66f-4534-9d4d-dd75abd7d528",
              "parentUUID": "85390f7a-c6bc-40ea-90ed-7b401be3766c",
              "isHook": false,
              "skipped": false
            },
            {
              "title": "2946_Delete Suppliers",
              "fullTitle": "Suppliers Management 2946_Delete Suppliers",
              "timedOut": null,
              "duration": 7700,
              "state": "passed",
              "speed": "slow",
              "pass": true,
              "fail": false,
              "pending": false,
              "context": null,
              "code": "var element = null;\ncy.get('div[id=\"gridSuppliers\"]').find('tr > td[id=\"s2-code\"]').each(function ($td, index, $list) {\n  if (element == null) {\n    var child = $td[0].children[0];\n    if (child.innerText == \"NCC\" + rdCode) {\n      element = child;\n      var parentElement = $td[0].parentElement;\n      var checkbox = parentElement.children[0].children[0];\n      checkbox.click();\n    }\n  }\n}).then(function ($ckb) {\n  cy.get(\"#btnDeleteSupplier\").should('be.exist').click();\n}).then(function () {\n  cy.wait(1000);\n  cy.get('div[class=\"align-buttonDelete k-danger\"]').each(function (e) {\n    e[0].click();\n  }).then(function ($btn) {\n    var deleteBtn = null;\n    cy.get('button').find('div[class=\"align-buttonDelete k-danger\"]').each(function ($td, index, $list) {\n      if (deleteBtn == null) {\n        deleteBtn = $td[0];\n        deleteBtn.click();\n      }\n    });\n  });\n});\ncy.wait(1000);\nel_supplier.verify_supplier_has_been_deleted_on_data_grid(\"NCC\" + rdCode, rdString + rdEditedString, \"1\", rdString + rdEditedString, rdNumber + rdEditedNumber, \"Đang hoạt động\");",
              "err": {},
              "uuid": "fa823626-f83d-4ed8-91bc-30392453567b",
              "parentUUID": "85390f7a-c6bc-40ea-90ed-7b401be3766c",
              "isHook": false,
              "skipped": false
            },
            {
              "title": "2943_Create Supplier (For test context menu)",
              "fullTitle": "Suppliers Management 2943_Create Supplier (For test context menu)",
              "timedOut": null,
              "duration": 20259,
              "state": "passed",
              "speed": "slow",
              "pass": true,
              "fail": false,
              "pending": false,
              "context": null,
              "code": "el_supplier.click_on_create_button();\nel_supplier.set_value_on_code(\"NCC\" + rdCode);\nel_supplier.set_value_on_name(rdString);\nel_supplier.set_value_on_web(rdString + \".com\");\nel_supplier.set_value_on_mst(rdNumber);\nel_supplier.set_value_on_account_number(rdNumber);\nel_supplier.select_value_on_currency(\"sasasaas\");\nel_supplier.set_value_on_pay_method(rdString);\nel_supplier.set_value_on_pay_term(rdString);\nel_supplier.select_value_on_country(\"Việt nam\");\nel_supplier.select_value_on_city(\"Cần thơ\");\nel_supplier.select_value_on_state(\"Vĩnh thạnh\");\nel_supplier.set_value_on_address(rdString25);\nel_supplier.set_value_on_contact_name(rdString);\nel_supplier.set_value_on_phone(rdNumber);\nel_supplier.set_value_on_email(rdString + \"@gmail.com\");\nel_supplier.click_on_tab_create_item();\ncy.wait(1000);\nel_supplier.click_on_addNewItem_button();\nel_supplier.select_value_on_item(\"SP002\");\nel_supplier.set_value_on_lastReceiptCost(\"150000\");\nel_supplier.set_value_on_minOrder(\"1\");\nel_supplier.cancel_editItem_supplier();\nel_supplier.click_on_saveCreate_button();\ncy.wait(1000);\nel_supplier.verify_supplier_has_been_added_on_data_grid(\"NCC\" + rdCode, rdString, \"1\", rdString, rdNumber, \"Đang hoạt động\");",
              "err": {},
              "uuid": "276123c9-7403-4b95-ae92-a13e8eb0c115",
              "parentUUID": "85390f7a-c6bc-40ea-90ed-7b401be3766c",
              "isHook": false,
              "skipped": false
            },
            {
              "title": "2952_View Detail Supplier (With Context Menu)",
              "fullTitle": "Suppliers Management 2952_View Detail Supplier (With Context Menu)",
              "timedOut": null,
              "duration": 7201,
              "state": "passed",
              "speed": "slow",
              "pass": true,
              "fail": false,
              "pending": false,
              "context": null,
              "code": "el_supplier.click_contextMenu_viewDetail_supplier(\"NCC\" + rdCode);\ncy.wait(3000);",
              "err": {},
              "uuid": "16aef9ce-30a9-4b5e-b6b1-37d675d6c993",
              "parentUUID": "85390f7a-c6bc-40ea-90ed-7b401be3766c",
              "isHook": false,
              "skipped": false
            },
            {
              "title": "2945_Edit Supplier (With Context Menu)",
              "fullTitle": "Suppliers Management 2945_Edit Supplier (With Context Menu)",
              "timedOut": null,
              "duration": 17254,
              "state": "passed",
              "speed": "slow",
              "pass": true,
              "fail": false,
              "pending": false,
              "context": null,
              "code": "el_supplier.click_contextMenu_edit_supplier(\"NCC\" + rdCode);\nel_supplier.set_value_on_name(rdEditedString);\nel_supplier.set_value_on_web(rdEditedString);\nel_supplier.set_value_on_mst(rdEditedNumber);\nel_supplier.set_value_on_account_number(rdEditedNumber);\nel_supplier.select_value_on_currency(\"sasasaas\");\nel_supplier.set_value_on_pay_method(rdEditedString);\nel_supplier.set_value_on_pay_term(rdEditedString);\nel_supplier.select_value_on_country(\"Việt nam\");\nel_supplier.select_value_on_city(\"Cần thơ\");\nel_supplier.select_value_on_state(\"Vĩnh thạnh\");\nel_supplier.set_value_on_address(rdEditedString25);\nel_supplier.set_value_on_contact_name(rdEditedString);\nel_supplier.set_value_on_phone(rdEditedNumber);\nel_supplier.set_value_on_email(rdEditedString);\nel_supplier.click_on_tab_update_item();\ncy.wait(1000);\ncy.get('a[class=\"k-button k-button-icontext k-grid-delete s2-k-danger\"]').each(function (e) {\n  e[0].click();\n}).then(function () {\n  cy.wait(1000);\n  el_supplier.click_on_saveEdit_button();\n});\ncy.wait(1000);\nel_supplier.verify_supplier_has_been_updated_on_data_grid(\"NCC\" + rdCode, rdString + rdEditedString, \"0\", rdString + rdEditedString, rdNumber + rdEditedNumber, \"Đang hoạt động\");",
              "err": {},
              "uuid": "1c402c44-1496-47cd-9b23-a99453ec45b3",
              "parentUUID": "85390f7a-c6bc-40ea-90ed-7b401be3766c",
              "isHook": false,
              "skipped": false
            },
            {
              "title": "2946_Delete Suppliers (With Context Menu)",
              "fullTitle": "Suppliers Management 2946_Delete Suppliers (With Context Menu)",
              "timedOut": null,
              "duration": 6452,
              "state": "passed",
              "speed": "slow",
              "pass": true,
              "fail": false,
              "pending": false,
              "context": null,
              "code": "el_supplier.click_contextMenu_delete_supplier(\"NCC\" + rdCode);\nvar deleteBtn = null;\ncy.get('button').find('div[class=\"align-buttonDelete k-danger\"]').each(function ($td, index, $list) {\n  if (deleteBtn == null) {\n    deleteBtn = $td[0];\n    deleteBtn.click();\n  }\n});\ncy.wait(1000);\nel_supplier.verify_supplier_has_been_deleted_on_data_grid(\"NCC\" + rdCode, rdString + rdEditedString, \"1\", rdString + rdEditedString, rdNumber + rdEditedNumber, \"Đang hoạt động\");",
              "err": {},
              "uuid": "7a8d06a2-a6a1-4f5e-920b-c550df7d933d",
              "parentUUID": "85390f7a-c6bc-40ea-90ed-7b401be3766c",
              "isHook": false,
              "skipped": false
            }
          ],
          "suites": [],
          "passes": [
            "da94b03c-b8bc-4313-b551-e1b1c3cfd6ac",
            "acbefe3f-cb98-4aaf-b3b4-4971d8404e8e",
            "a4dda737-e66f-4534-9d4d-dd75abd7d528",
            "fa823626-f83d-4ed8-91bc-30392453567b",
            "276123c9-7403-4b95-ae92-a13e8eb0c115",
            "16aef9ce-30a9-4b5e-b6b1-37d675d6c993",
            "1c402c44-1496-47cd-9b23-a99453ec45b3",
            "7a8d06a2-a6a1-4f5e-920b-c550df7d933d"
          ],
          "failures": [],
          "pending": [],
          "skipped": [],
          "duration": 122210,
          "root": false,
          "rootEmpty": false,
          "_timeout": 2000
        }
      ],
      "passes": [],
      "failures": [],
      "pending": [],
      "skipped": [],
      "duration": 0,
      "root": true,
      "rootEmpty": true,
      "_timeout": 2000
    }
  ],
  "meta": {
    "mocha": {
      "version": "7.0.1"
    },
    "mochawesome": {
      "options": {
        "quiet": false,
        "reportFilename": "mochawesome",
        "saveHtml": false,
        "saveJson": true,
        "consoleReporter": "spec",
        "useInlineDiffs": false,
        "code": true
      },
      "version": "6.1.1"
    },
    "marge": {
      "options": {
        "reportDir": "mochawesome-report",
        "quite": true,
        "overwrite": false,
        "html": false,
        "json": true
      },
      "version": "5.1.0"
    }
  }
}